[2025-04-28T06:57:01.003Z] ETL process completed. Processed: 4, Skipped: 0
[2025-04-28T06:58:00.393Z] ETL process completed. Processed: 4, Skipped: 0
[2025-04-28T07:01:00.852Z] ETL process completed. Processed: 10, Skipped: 0
[2025-04-29T00:29:00.787Z] Starting ETL process...
[2025-04-29T00:29:00.840Z] ERROR: ETL process failed: Server does not support secure connection
[2025-04-29T00:30:00.403Z] Starting ETL process...
[2025-04-29T00:30:00.448Z] Total records to process: 10
[2025-04-29T00:30:00.449Z] Processing batch: 0 to 499
[2025-04-29T00:30:00.600Z] DEBUG: Batch stats: 10 processed, 0 skipped
[2025-04-29T00:30:00.601Z] Batch completed. Processed: 10, Skipped: 0
[2025-04-29T00:30:01.603Z] ETL process completed. Total Processed: 10, Total Skipped: 0
[2025-04-29T00:34:00.966Z] Starting ETL process...
[2025-04-29T00:34:01.023Z] Total records to process: 11
[2025-04-29T00:34:01.025Z] Processing batch: 0 to 499
[2025-04-29T00:34:01.568Z] ERROR: Batch completed with 1 errors
[2025-04-29T00:34:01.571Z] DEBUG: Batch stats: 10 processed, 1 skipped
[2025-04-29T00:34:01.572Z] Batch completed. Processed: 10, Skipped: 1
[2025-04-29T00:34:02.581Z] ETL process completed. Total Processed: 10, Total Skipped: 1
[2025-04-29T00:35:00.584Z] Starting ETL process...
[2025-04-29T00:35:00.591Z] Total records to process: 11
[2025-04-29T00:35:00.596Z] Processing batch: 0 to 499
[2025-04-29T00:35:00.649Z] DEBUG: Batch stats: 11 processed, 0 skipped
[2025-04-29T00:35:00.649Z] Batch completed. Processed: 11, Skipped: 0
[2025-04-29T00:35:01.654Z] ETL process completed. Total Processed: 11, Total Skipped: 0
[2025-04-29T00:36:00.233Z] Starting ETL process...
[2025-04-29T00:36:00.243Z] Total records to process: 11
[2025-04-29T00:36:00.244Z] Processing batch: 0 to 499
[2025-04-29T00:36:00.306Z] DEBUG: Batch stats: 11 processed, 0 skipped
[2025-04-29T00:36:00.307Z] Batch completed. Processed: 11, Skipped: 0
[2025-04-29T00:36:01.318Z] ETL process completed. Total Processed: 11, Total Skipped: 0
[2025-04-29T00:37:00.777Z] Starting ETL process...
[2025-04-29T00:37:00.781Z] Total records to process: 11
[2025-04-29T00:37:00.782Z] Processing batch: 0 to 499
[2025-04-29T00:37:00.831Z] DEBUG: Batch stats: 11 processed, 0 skipped
[2025-04-29T00:37:00.832Z] Batch completed. Processed: 11, Skipped: 0
[2025-04-29T00:37:01.835Z] ETL process completed. Total Processed: 11, Total Skipped: 0
[2025-04-29T00:38:00.202Z] Starting ETL process...
[2025-04-29T00:38:00.206Z] Total records to process: 11
[2025-04-29T00:38:00.208Z] Processing batch: 0 to 499
[2025-04-29T00:38:00.277Z] DEBUG: Batch stats: 11 processed, 0 skipped
[2025-04-29T00:38:00.277Z] Batch completed. Processed: 11, Skipped: 0
[2025-04-29T00:38:01.293Z] ETL process completed. Total Processed: 11, Total Skipped: 0
[2025-04-29T00:47:00.879Z] Starting ETL process...
[2025-04-29T00:47:00.939Z] Total records to process: 12
[2025-04-29T00:47:00.940Z] Processing batch: 0 to 499
[2025-04-29T00:47:01.123Z] DEBUG: Batch stats: 12 processed, 0 skipped
[2025-04-29T00:47:01.124Z] Batch completed. Processed: 12, Skipped: 0
[2025-04-29T00:47:02.127Z] ETL process completed. Total Processed: 12, Total Skipped: 0
[2025-04-29T01:08:00.521Z] Starting ETL process...
[2025-04-29T01:08:00.581Z] Total records to process: 13
[2025-04-29T01:08:00.583Z] Processing batch: 0 to 499
[2025-04-29T01:08:00.817Z] DEBUG: Batch stats: 13 processed, 0 skipped
[2025-04-29T01:08:00.818Z] Batch completed. Processed: 13, Skipped: 0
[2025-04-29T01:08:01.824Z] ETL process completed. Total Processed: 13, Total Skipped: 0
[2025-04-29T01:14:00.528Z] Starting ETL process...
[2025-04-29T01:14:00.590Z] Total records to process: 13
[2025-04-29T01:14:00.591Z] Processing batch: 0 to 499
[2025-04-29T01:14:00.790Z] DEBUG: Batch stats: 13 processed, 0 skipped
[2025-04-29T01:14:00.791Z] Batch completed. Processed: 13, Skipped: 0
[2025-04-29T01:14:01.804Z] ETL process completed. Total Processed: 13, Total Skipped: 0
[2025-04-29T01:15:00.128Z] Starting ETL process...
[2025-04-29T01:15:00.132Z] Total records to process: 13
[2025-04-29T01:15:00.134Z] Processing batch: 0 to 499
[2025-04-29T01:15:00.241Z] DEBUG: Batch stats: 13 processed, 0 skipped
[2025-04-29T01:15:00.241Z] Batch completed. Processed: 13, Skipped: 0
[2025-04-29T01:15:01.243Z] ETL process completed. Total Processed: 13, Total Skipped: 0
[2025-04-29T01:19:00.549Z] Starting ETL process...
[2025-04-29T01:19:00.613Z] Total records to process: 13
[2025-04-29T01:19:00.614Z] Processing batch: 0 to 499
[2025-04-29T01:19:00.849Z] DEBUG: Batch stats: 13 processed, 0 skipped
[2025-04-29T01:19:00.849Z] Batch completed. Processed: 13, Skipped: 0
[2025-04-29T01:19:01.865Z] ETL process completed. Total Processed: 13, Total Skipped: 0
[2025-04-29T01:20:00.118Z] Starting ETL process...
[2025-04-29T01:20:00.123Z] Total records to process: 13
[2025-04-29T01:20:00.125Z] Processing batch: 0 to 499
[2025-04-29T01:20:00.272Z] DEBUG: Batch stats: 13 processed, 0 skipped
[2025-04-29T01:20:00.274Z] Batch completed. Processed: 13, Skipped: 0
[2025-04-29T01:20:01.288Z] ETL process completed. Total Processed: 13, Total Skipped: 0
[2025-04-29T01:22:00.177Z] Starting ETL process...
[2025-04-29T01:22:00.238Z] Total records to process: 14
[2025-04-29T01:22:00.240Z] Processing batch: 0 to 499
[2025-04-29T01:22:00.522Z] DEBUG: Batch stats: 14 processed, 0 skipped
[2025-04-29T01:22:00.522Z] Batch completed. Processed: 14, Skipped: 0
[2025-04-29T01:22:01.525Z] ETL process completed. Total Processed: 14, Total Skipped: 0
[2025-04-29T01:39:00.629Z] Starting ETL process...
[2025-04-29T01:39:00.686Z] Total records to process: 14
[2025-04-29T01:39:00.688Z] Processing batch: 0 to 499
[2025-04-29T01:39:00.877Z] DEBUG: Batch stats: 14 processed, 0 skipped
[2025-04-29T01:39:00.877Z] Batch completed. Processed: 14, Skipped: 0
[2025-04-29T01:39:01.879Z] ETL process completed. Total Processed: 14, Total Skipped: 0
[2025-04-29T01:40:00.033Z] Starting ETL process...
[2025-04-29T01:40:00.037Z] Total records to process: 14
[2025-04-29T01:40:00.039Z] Processing batch: 0 to 499
[2025-04-29T01:40:00.137Z] DEBUG: Batch stats: 14 processed, 0 skipped
[2025-04-29T01:40:00.138Z] Batch completed. Processed: 14, Skipped: 0
[2025-04-29T01:40:01.147Z] ETL process completed. Total Processed: 14, Total Skipped: 0
[2025-04-29T01:41:00.495Z] Starting ETL process...
[2025-04-29T01:41:00.500Z] Total records to process: 14
[2025-04-29T01:41:00.501Z] Processing batch: 0 to 499
[2025-04-29T01:41:00.624Z] DEBUG: Batch stats: 14 processed, 0 skipped
[2025-04-29T01:41:00.624Z] Batch completed. Processed: 14, Skipped: 0
[2025-04-29T01:41:01.633Z] ETL process completed. Total Processed: 14, Total Skipped: 0
[2025-04-29T01:42:00.958Z] Starting ETL process...
[2025-04-29T01:42:00.962Z] Total records to process: 14
[2025-04-29T01:42:00.963Z] Processing batch: 0 to 499
[2025-04-29T01:42:01.076Z] DEBUG: Batch stats: 14 processed, 0 skipped
[2025-04-29T01:42:01.077Z] Batch completed. Processed: 14, Skipped: 0
[2025-04-29T01:42:02.088Z] ETL process completed. Total Processed: 14, Total Skipped: 0
[2025-04-29T01:43:00.415Z] Starting ETL process...
[2025-04-29T01:43:00.418Z] Total records to process: 14
[2025-04-29T01:43:00.419Z] Processing batch: 0 to 499
[2025-04-29T01:43:00.506Z] DEBUG: Batch stats: 14 processed, 0 skipped
[2025-04-29T01:43:00.506Z] Batch completed. Processed: 14, Skipped: 0
[2025-04-29T01:43:01.508Z] ETL process completed. Total Processed: 14, Total Skipped: 0
[2025-04-29T01:44:00.937Z] Starting ETL process...
[2025-04-29T01:44:00.946Z] Total records to process: 14
[2025-04-29T01:44:00.947Z] Processing batch: 0 to 499
[2025-04-29T01:44:01.066Z] DEBUG: Batch stats: 14 processed, 0 skipped
[2025-04-29T01:44:01.067Z] Batch completed. Processed: 14, Skipped: 0
[2025-04-29T01:44:02.072Z] ETL process completed. Total Processed: 14, Total Skipped: 0
[2025-04-29T01:45:00.350Z] Starting ETL process...
[2025-04-29T01:45:00.354Z] Total records to process: 14
[2025-04-29T01:45:00.355Z] Processing batch: 0 to 499
[2025-04-29T01:45:00.421Z] DEBUG: Batch stats: 14 processed, 0 skipped
[2025-04-29T01:45:00.422Z] Batch completed. Processed: 14, Skipped: 0
[2025-04-29T01:45:01.434Z] ETL process completed. Total Processed: 14, Total Skipped: 0
[2025-04-29T01:46:00.779Z] Starting ETL process...
[2025-04-29T01:46:00.783Z] Total records to process: 14
[2025-04-29T01:46:00.785Z] Processing batch: 0 to 499
[2025-04-29T01:46:00.856Z] DEBUG: Batch stats: 14 processed, 0 skipped
[2025-04-29T01:46:00.856Z] Batch completed. Processed: 14, Skipped: 0
[2025-04-29T01:46:01.865Z] ETL process completed. Total Processed: 14, Total Skipped: 0
[2025-04-29T01:47:00.329Z] Starting ETL process...
[2025-04-29T01:47:00.333Z] Total records to process: 14
[2025-04-29T01:47:00.335Z] Processing batch: 0 to 499
[2025-04-29T01:47:00.405Z] DEBUG: Batch stats: 14 processed, 0 skipped
[2025-04-29T01:47:00.406Z] Batch completed. Processed: 14, Skipped: 0
[2025-04-29T01:47:01.414Z] ETL process completed. Total Processed: 14, Total Skipped: 0
[2025-04-29T01:48:00.973Z] Starting ETL process...
[2025-04-29T01:48:00.976Z] Total records to process: 14
[2025-04-29T01:48:00.976Z] Processing batch: 0 to 499
[2025-04-29T01:48:01.034Z] DEBUG: Batch stats: 14 processed, 0 skipped
[2025-04-29T01:48:01.035Z] Batch completed. Processed: 14, Skipped: 0
[2025-04-29T01:48:02.046Z] ETL process completed. Total Processed: 14, Total Skipped: 0
[2025-04-29T01:49:00.571Z] Starting ETL process...
[2025-04-29T01:49:00.573Z] Total records to process: 14
[2025-04-29T01:49:00.573Z] Processing batch: 0 to 499
[2025-04-29T01:49:00.615Z] DEBUG: Batch stats: 14 processed, 0 skipped
[2025-04-29T01:49:00.616Z] Batch completed. Processed: 14, Skipped: 0
[2025-04-29T01:49:01.631Z] ETL process completed. Total Processed: 14, Total Skipped: 0
[2025-04-29T01:50:00.177Z] Starting ETL process...
[2025-04-29T01:50:00.186Z] Total records to process: 14
[2025-04-29T01:50:00.188Z] Processing batch: 0 to 499
[2025-04-29T01:50:00.270Z] DEBUG: Batch stats: 14 processed, 0 skipped
[2025-04-29T01:50:00.271Z] Batch completed. Processed: 14, Skipped: 0
[2025-04-29T01:50:01.284Z] ETL process completed. Total Processed: 14, Total Skipped: 0
[2025-04-29T01:51:00.804Z] Starting ETL process...
[2025-04-29T01:51:00.808Z] Total records to process: 14
[2025-04-29T01:51:00.810Z] Processing batch: 0 to 499
[2025-04-29T01:51:00.872Z] DEBUG: Batch stats: 14 processed, 0 skipped
[2025-04-29T01:51:00.873Z] Batch completed. Processed: 14, Skipped: 0
[2025-04-29T01:51:01.881Z] ETL process completed. Total Processed: 14, Total Skipped: 0
[2025-04-29T01:52:00.222Z] Starting ETL process...
[2025-04-29T01:52:00.226Z] Total records to process: 14
[2025-04-29T01:52:00.227Z] Processing batch: 0 to 499
[2025-04-29T01:52:00.318Z] DEBUG: Batch stats: 14 processed, 0 skipped
[2025-04-29T01:52:00.319Z] Batch completed. Processed: 14, Skipped: 0
[2025-04-29T01:52:01.321Z] ETL process completed. Total Processed: 14, Total Skipped: 0
[2025-04-29T01:53:00.633Z] Starting ETL process...
[2025-04-29T01:53:00.636Z] Total records to process: 14
[2025-04-29T01:53:00.637Z] Processing batch: 0 to 499
[2025-04-29T01:53:00.707Z] DEBUG: Batch stats: 14 processed, 0 skipped
[2025-04-29T01:53:00.708Z] Batch completed. Processed: 14, Skipped: 0
[2025-04-29T01:53:01.723Z] ETL process completed. Total Processed: 14, Total Skipped: 0
[2025-04-29T01:54:00.100Z] Starting ETL process...
[2025-04-29T01:54:00.103Z] Total records to process: 14
[2025-04-29T01:54:00.103Z] Processing batch: 0 to 499
[2025-04-29T01:54:00.153Z] DEBUG: Batch stats: 14 processed, 0 skipped
[2025-04-29T01:54:00.153Z] Batch completed. Processed: 14, Skipped: 0
[2025-04-29T01:54:01.160Z] ETL process completed. Total Processed: 14, Total Skipped: 0
[2025-04-29T01:55:00.562Z] Starting ETL process...
[2025-04-29T01:55:00.564Z] Total records to process: 14
[2025-04-29T01:55:00.565Z] Processing batch: 0 to 499
[2025-04-29T01:55:00.619Z] DEBUG: Batch stats: 14 processed, 0 skipped
[2025-04-29T01:55:00.620Z] Batch completed. Processed: 14, Skipped: 0
[2025-04-29T01:55:01.627Z] ETL process completed. Total Processed: 14, Total Skipped: 0
[2025-04-29T01:56:00.954Z] Starting ETL process...
[2025-04-29T01:56:00.958Z] Total records to process: 14
[2025-04-29T01:56:00.960Z] Processing batch: 0 to 499
[2025-04-29T01:56:01.024Z] DEBUG: Batch stats: 14 processed, 0 skipped
[2025-04-29T01:56:01.025Z] Batch completed. Processed: 14, Skipped: 0
[2025-04-29T01:56:02.030Z] ETL process completed. Total Processed: 14, Total Skipped: 0
[2025-04-29T01:57:00.468Z] Starting ETL process...
[2025-04-29T01:57:00.472Z] Total records to process: 14
[2025-04-29T01:57:00.473Z] Processing batch: 0 to 499
[2025-04-29T01:57:00.535Z] DEBUG: Batch stats: 14 processed, 0 skipped
[2025-04-29T01:57:00.536Z] Batch completed. Processed: 14, Skipped: 0
[2025-04-29T01:57:01.540Z] ETL process completed. Total Processed: 14, Total Skipped: 0
[2025-04-29T01:58:00.966Z] Starting ETL process...
[2025-04-29T01:58:00.970Z] Total records to process: 14
[2025-04-29T01:58:00.971Z] Processing batch: 0 to 499
[2025-04-29T01:58:01.042Z] DEBUG: Batch stats: 14 processed, 0 skipped
[2025-04-29T01:58:01.042Z] Batch completed. Processed: 14, Skipped: 0
[2025-04-29T01:58:02.052Z] ETL process completed. Total Processed: 14, Total Skipped: 0
[2025-04-29T01:59:00.317Z] Starting ETL process...
[2025-04-29T01:59:00.323Z] Total records to process: 14
[2025-04-29T01:59:00.324Z] Processing batch: 0 to 499
[2025-04-29T01:59:00.394Z] DEBUG: Batch stats: 14 processed, 0 skipped
[2025-04-29T01:59:00.395Z] Batch completed. Processed: 14, Skipped: 0
[2025-04-29T01:59:01.402Z] ETL process completed. Total Processed: 14, Total Skipped: 0
[2025-04-29T02:00:00.781Z] Starting ETL process...
[2025-04-29T02:00:00.785Z] Total records to process: 14
[2025-04-29T02:00:00.785Z] Processing batch: 0 to 499
[2025-04-29T02:00:00.832Z] DEBUG: Batch stats: 14 processed, 0 skipped
[2025-04-29T02:00:00.832Z] Batch completed. Processed: 14, Skipped: 0
[2025-04-29T02:00:01.836Z] ETL process completed. Total Processed: 14, Total Skipped: 0
[2025-04-29T02:01:00.250Z] Starting ETL process...
[2025-04-29T02:01:07.416Z] Total records to process: 14
[2025-04-29T02:01:07.418Z] Processing batch: 0 to 499
[2025-04-29T02:01:07.504Z] DEBUG: Batch stats: 14 processed, 0 skipped
[2025-04-29T02:01:07.504Z] Batch completed. Processed: 14, Skipped: 0
[2025-04-29T02:01:08.531Z] ETL process completed. Total Processed: 14, Total Skipped: 0
[2025-04-29T02:02:00.722Z] Starting ETL process...
[2025-04-29T02:02:00.727Z] Total records to process: 14
[2025-04-29T02:02:00.729Z] Processing batch: 0 to 499
[2025-04-29T02:02:00.783Z] DEBUG: Batch stats: 14 processed, 0 skipped
[2025-04-29T02:02:00.783Z] Batch completed. Processed: 14, Skipped: 0
[2025-04-29T02:02:01.798Z] ETL process completed. Total Processed: 14, Total Skipped: 0
[2025-04-29T02:03:00.142Z] Starting ETL process...
[2025-04-29T02:03:00.150Z] Total records to process: 14
[2025-04-29T02:03:00.152Z] Processing batch: 0 to 499
[2025-04-29T02:03:00.257Z] DEBUG: Batch stats: 14 processed, 0 skipped
[2025-04-29T02:03:00.257Z] Batch completed. Processed: 14, Skipped: 0
[2025-04-29T02:03:01.263Z] ETL process completed. Total Processed: 14, Total Skipped: 0
[2025-04-29T02:04:00.556Z] Starting ETL process...
[2025-04-29T02:04:00.559Z] Total records to process: 14
[2025-04-29T02:04:00.560Z] Processing batch: 0 to 499
[2025-04-29T02:04:00.631Z] DEBUG: Batch stats: 14 processed, 0 skipped
[2025-04-29T02:04:00.632Z] Batch completed. Processed: 14, Skipped: 0
[2025-04-29T02:04:01.635Z] ETL process completed. Total Processed: 14, Total Skipped: 0
[2025-04-29T02:05:00.057Z] Starting ETL process...
[2025-04-29T02:05:00.060Z] Total records to process: 14
[2025-04-29T02:05:00.060Z] Processing batch: 0 to 499
[2025-04-29T02:05:00.111Z] DEBUG: Batch stats: 14 processed, 0 skipped
[2025-04-29T02:05:00.111Z] Batch completed. Processed: 14, Skipped: 0
[2025-04-29T02:05:01.119Z] ETL process completed. Total Processed: 14, Total Skipped: 0
[2025-04-29T02:06:00.620Z] Starting ETL process...
[2025-04-29T02:06:00.623Z] Total records to process: 14
[2025-04-29T02:06:00.624Z] Processing batch: 0 to 499
[2025-04-29T02:06:00.701Z] DEBUG: Batch stats: 14 processed, 0 skipped
[2025-04-29T02:06:00.701Z] Batch completed. Processed: 14, Skipped: 0
[2025-04-29T02:06:01.705Z] ETL process completed. Total Processed: 14, Total Skipped: 0
[2025-04-29T02:07:00.027Z] Starting ETL process...
[2025-04-29T02:07:00.033Z] Total records to process: 14
[2025-04-29T02:07:00.034Z] Processing batch: 0 to 499
[2025-04-29T02:07:00.092Z] DEBUG: Batch stats: 14 processed, 0 skipped
[2025-04-29T02:07:00.093Z] Batch completed. Processed: 14, Skipped: 0
[2025-04-29T02:07:01.106Z] ETL process completed. Total Processed: 14, Total Skipped: 0
[2025-04-29T02:08:00.495Z] Starting ETL process...
[2025-04-29T02:08:00.501Z] Total records to process: 14
[2025-04-29T02:08:00.502Z] Processing batch: 0 to 499
[2025-04-29T02:08:00.570Z] DEBUG: Batch stats: 14 processed, 0 skipped
[2025-04-29T02:08:00.571Z] Batch completed. Processed: 14, Skipped: 0
[2025-04-29T02:08:01.585Z] ETL process completed. Total Processed: 14, Total Skipped: 0
[2025-04-29T02:09:00.907Z] Starting ETL process...
[2025-04-29T02:09:00.911Z] Total records to process: 14
[2025-04-29T02:09:00.913Z] Processing batch: 0 to 499
[2025-04-29T02:09:00.980Z] DEBUG: Batch stats: 14 processed, 0 skipped
[2025-04-29T02:09:00.981Z] Batch completed. Processed: 14, Skipped: 0
[2025-04-29T02:09:01.992Z] ETL process completed. Total Processed: 14, Total Skipped: 0
[2025-04-29T02:10:00.319Z] Starting ETL process...
[2025-04-29T02:10:00.322Z] Total records to process: 14
[2025-04-29T02:10:00.323Z] Processing batch: 0 to 499
[2025-04-29T02:10:00.387Z] DEBUG: Batch stats: 14 processed, 0 skipped
[2025-04-29T02:10:00.387Z] Batch completed. Processed: 14, Skipped: 0
[2025-04-29T02:10:01.391Z] ETL process completed. Total Processed: 14, Total Skipped: 0
[2025-04-29T02:11:00.744Z] Starting ETL process...
[2025-04-29T02:11:00.747Z] Total records to process: 14
[2025-04-29T02:11:00.748Z] Processing batch: 0 to 499
[2025-04-29T02:11:00.804Z] DEBUG: Batch stats: 14 processed, 0 skipped
[2025-04-29T02:11:00.805Z] Batch completed. Processed: 14, Skipped: 0
[2025-04-29T02:11:01.813Z] ETL process completed. Total Processed: 14, Total Skipped: 0
[2025-04-29T02:12:00.149Z] Starting ETL process...
[2025-04-29T02:12:00.152Z] Total records to process: 14
[2025-04-29T02:12:00.152Z] Processing batch: 0 to 499
[2025-04-29T02:12:00.208Z] DEBUG: Batch stats: 14 processed, 0 skipped
[2025-04-29T02:12:00.209Z] Batch completed. Processed: 14, Skipped: 0
[2025-04-29T02:12:01.219Z] ETL process completed. Total Processed: 14, Total Skipped: 0
[2025-04-29T02:13:00.490Z] Starting ETL process...
[2025-04-29T02:13:00.496Z] Total records to process: 14
[2025-04-29T02:13:00.498Z] Processing batch: 0 to 499
[2025-04-29T02:13:00.568Z] DEBUG: Batch stats: 14 processed, 0 skipped
[2025-04-29T02:13:00.568Z] Batch completed. Processed: 14, Skipped: 0
[2025-04-29T02:13:01.571Z] ETL process completed. Total Processed: 14, Total Skipped: 0
[2025-04-29T02:14:00.945Z] Starting ETL process...
[2025-04-29T02:14:00.948Z] Total records to process: 14
[2025-04-29T02:14:00.950Z] Processing batch: 0 to 499
[2025-04-29T02:14:01.014Z] DEBUG: Batch stats: 14 processed, 0 skipped
[2025-04-29T02:14:01.015Z] Batch completed. Processed: 14, Skipped: 0
[2025-04-29T02:14:02.030Z] ETL process completed. Total Processed: 14, Total Skipped: 0
[2025-04-29T02:15:00.442Z] Starting ETL process...
[2025-04-29T02:15:00.447Z] Total records to process: 14
[2025-04-29T02:15:00.448Z] Processing batch: 0 to 499
[2025-04-29T02:15:00.524Z] DEBUG: Batch stats: 14 processed, 0 skipped
[2025-04-29T02:15:00.525Z] Batch completed. Processed: 14, Skipped: 0
[2025-04-29T02:15:01.535Z] ETL process completed. Total Processed: 14, Total Skipped: 0
[2025-04-29T02:16:00.885Z] Starting ETL process...
[2025-04-29T02:16:00.888Z] Total records to process: 14
[2025-04-29T02:16:00.888Z] Processing batch: 0 to 499
[2025-04-29T02:16:00.936Z] DEBUG: Batch stats: 14 processed, 0 skipped
[2025-04-29T02:16:00.936Z] Batch completed. Processed: 14, Skipped: 0
[2025-04-29T02:16:01.952Z] ETL process completed. Total Processed: 14, Total Skipped: 0
[2025-04-29T02:17:00.481Z] Starting ETL process...
[2025-04-29T02:17:00.484Z] Total records to process: 14
[2025-04-29T02:17:00.487Z] Processing batch: 0 to 499
[2025-04-29T02:17:00.548Z] DEBUG: Batch stats: 14 processed, 0 skipped
[2025-04-29T02:17:00.549Z] Batch completed. Processed: 14, Skipped: 0
[2025-04-29T02:17:01.558Z] ETL process completed. Total Processed: 14, Total Skipped: 0
[2025-04-29T02:18:00.086Z] Starting ETL process...
[2025-04-29T02:18:00.093Z] Total records to process: 14
[2025-04-29T02:18:00.097Z] Processing batch: 0 to 499
[2025-04-29T02:18:00.170Z] DEBUG: Batch stats: 14 processed, 0 skipped
[2025-04-29T02:18:00.171Z] Batch completed. Processed: 14, Skipped: 0
[2025-04-29T02:18:01.173Z] ETL process completed. Total Processed: 14, Total Skipped: 0
[2025-04-29T02:19:00.703Z] Starting ETL process...
[2025-04-29T02:19:00.706Z] Total records to process: 14
[2025-04-29T02:19:00.707Z] Processing batch: 0 to 499
[2025-04-29T02:19:00.756Z] DEBUG: Batch stats: 14 processed, 0 skipped
[2025-04-29T02:19:00.756Z] Batch completed. Processed: 14, Skipped: 0
[2025-04-29T02:19:01.760Z] ETL process completed. Total Processed: 14, Total Skipped: 0
[2025-04-29T02:20:00.313Z] Starting ETL process...
[2025-04-29T02:20:00.317Z] Total records to process: 14
[2025-04-29T02:20:00.318Z] Processing batch: 0 to 499
[2025-04-29T02:20:00.379Z] DEBUG: Batch stats: 14 processed, 0 skipped
[2025-04-29T02:20:00.379Z] Batch completed. Processed: 14, Skipped: 0
[2025-04-29T02:20:01.389Z] ETL process completed. Total Processed: 14, Total Skipped: 0
[2025-04-29T02:21:00.887Z] Starting ETL process...
[2025-04-29T02:21:00.890Z] Total records to process: 14
[2025-04-29T02:21:00.891Z] Processing batch: 0 to 499
[2025-04-29T02:21:00.941Z] DEBUG: Batch stats: 14 processed, 0 skipped
[2025-04-29T02:21:00.941Z] Batch completed. Processed: 14, Skipped: 0
[2025-04-29T02:21:01.945Z] ETL process completed. Total Processed: 14, Total Skipped: 0
[2025-04-29T02:22:00.487Z] Starting ETL process...
[2025-04-29T02:22:00.489Z] Total records to process: 14
[2025-04-29T02:22:00.490Z] Processing batch: 0 to 499
[2025-04-29T02:22:00.582Z] DEBUG: Batch stats: 14 processed, 0 skipped
[2025-04-29T02:22:00.583Z] Batch completed. Processed: 14, Skipped: 0
[2025-04-29T02:22:01.589Z] ETL process completed. Total Processed: 14, Total Skipped: 0
[2025-04-29T02:23:00.070Z] Starting ETL process...
[2025-04-29T02:23:00.073Z] Total records to process: 14
[2025-04-29T02:23:00.074Z] Processing batch: 0 to 499
[2025-04-29T02:23:00.147Z] DEBUG: Batch stats: 14 processed, 0 skipped
[2025-04-29T02:23:00.148Z] Batch completed. Processed: 14, Skipped: 0
[2025-04-29T02:23:01.166Z] ETL process completed. Total Processed: 14, Total Skipped: 0
[2025-04-29T02:24:00.706Z] Starting ETL process...
[2025-04-29T02:24:00.710Z] Total records to process: 14
[2025-04-29T02:24:00.710Z] Processing batch: 0 to 499
[2025-04-29T02:24:00.791Z] DEBUG: Batch stats: 14 processed, 0 skipped
[2025-04-29T02:24:00.792Z] Batch completed. Processed: 14, Skipped: 0
[2025-04-29T02:24:01.795Z] ETL process completed. Total Processed: 14, Total Skipped: 0
[2025-04-29T02:25:00.288Z] Starting ETL process...
[2025-04-29T02:25:00.292Z] Total records to process: 14
[2025-04-29T02:25:00.293Z] Processing batch: 0 to 499
[2025-04-29T02:25:00.380Z] DEBUG: Batch stats: 14 processed, 0 skipped
[2025-04-29T02:25:00.381Z] Batch completed. Processed: 14, Skipped: 0
[2025-04-29T02:25:01.391Z] ETL process completed. Total Processed: 14, Total Skipped: 0
[2025-04-29T02:26:00.904Z] Starting ETL process...
[2025-04-29T02:26:00.909Z] Total records to process: 14
[2025-04-29T02:26:00.909Z] Processing batch: 0 to 499
[2025-04-29T02:26:00.959Z] DEBUG: Batch stats: 14 processed, 0 skipped
[2025-04-29T02:26:00.960Z] Batch completed. Processed: 14, Skipped: 0
[2025-04-29T02:26:01.962Z] ETL process completed. Total Processed: 14, Total Skipped: 0
[2025-04-29T02:27:00.575Z] Starting ETL process...
[2025-04-29T02:27:00.578Z] Total records to process: 14
[2025-04-29T02:27:00.580Z] Processing batch: 0 to 499
[2025-04-29T02:27:00.637Z] DEBUG: Batch stats: 14 processed, 0 skipped
[2025-04-29T02:27:00.638Z] Batch completed. Processed: 14, Skipped: 0
[2025-04-29T02:27:01.650Z] ETL process completed. Total Processed: 14, Total Skipped: 0
[2025-04-29T02:28:00.246Z] Starting ETL process...
[2025-04-29T02:28:00.250Z] Total records to process: 14
[2025-04-29T02:28:00.250Z] Processing batch: 0 to 499
[2025-04-29T02:28:00.300Z] DEBUG: Batch stats: 14 processed, 0 skipped
[2025-04-29T02:28:00.300Z] Batch completed. Processed: 14, Skipped: 0
[2025-04-29T02:28:01.313Z] ETL process completed. Total Processed: 14, Total Skipped: 0
[2025-04-29T02:29:00.818Z] Starting ETL process...
[2025-04-29T02:29:00.821Z] Total records to process: 14
[2025-04-29T02:29:00.822Z] Processing batch: 0 to 499
[2025-04-29T02:29:00.876Z] DEBUG: Batch stats: 14 processed, 0 skipped
[2025-04-29T02:29:00.876Z] Batch completed. Processed: 14, Skipped: 0
[2025-04-29T02:29:01.879Z] ETL process completed. Total Processed: 14, Total Skipped: 0
[2025-04-29T02:30:00.395Z] Starting ETL process...
[2025-04-29T02:30:00.398Z] Total records to process: 14
[2025-04-29T02:30:00.399Z] Processing batch: 0 to 499
[2025-04-29T02:30:00.465Z] DEBUG: Batch stats: 14 processed, 0 skipped
[2025-04-29T02:30:00.466Z] Batch completed. Processed: 14, Skipped: 0
[2025-04-29T02:30:01.466Z] ETL process completed. Total Processed: 14, Total Skipped: 0
[2025-04-29T02:31:00.999Z] Starting ETL process...
[2025-04-29T02:31:01.001Z] Total records to process: 14
[2025-04-29T02:31:01.002Z] Processing batch: 0 to 499
[2025-04-29T02:31:01.055Z] DEBUG: Batch stats: 14 processed, 0 skipped
[2025-04-29T02:31:01.055Z] Batch completed. Processed: 14, Skipped: 0
[2025-04-29T02:31:02.072Z] ETL process completed. Total Processed: 14, Total Skipped: 0
[2025-04-29T02:32:00.617Z] Starting ETL process...
[2025-04-29T02:32:00.619Z] Total records to process: 14
[2025-04-29T02:32:00.620Z] Processing batch: 0 to 499
[2025-04-29T02:32:00.717Z] DEBUG: Batch stats: 14 processed, 0 skipped
[2025-04-29T02:32:00.717Z] Batch completed. Processed: 14, Skipped: 0
[2025-04-29T02:32:01.721Z] ETL process completed. Total Processed: 14, Total Skipped: 0
[2025-04-29T02:33:00.234Z] Starting ETL process...
[2025-04-29T02:33:00.237Z] Total records to process: 14
[2025-04-29T02:33:00.237Z] Processing batch: 0 to 499
[2025-04-29T02:33:00.290Z] DEBUG: Batch stats: 14 processed, 0 skipped
[2025-04-29T02:33:00.290Z] Batch completed. Processed: 14, Skipped: 0
[2025-04-29T02:33:01.290Z] ETL process completed. Total Processed: 14, Total Skipped: 0
[2025-04-29T02:34:00.840Z] Starting ETL process...
[2025-04-29T02:34:00.842Z] Total records to process: 14
[2025-04-29T02:34:00.843Z] Processing batch: 0 to 499
[2025-04-29T02:34:00.897Z] DEBUG: Batch stats: 14 processed, 0 skipped
[2025-04-29T02:34:00.897Z] Batch completed. Processed: 14, Skipped: 0
[2025-04-29T02:34:01.912Z] ETL process completed. Total Processed: 14, Total Skipped: 0
[2025-04-29T02:35:00.391Z] Starting ETL process...
[2025-04-29T02:35:00.394Z] Total records to process: 14
[2025-04-29T02:35:00.395Z] Processing batch: 0 to 499
[2025-04-29T02:35:00.462Z] DEBUG: Batch stats: 14 processed, 0 skipped
[2025-04-29T02:35:00.462Z] Batch completed. Processed: 14, Skipped: 0
[2025-04-29T02:35:01.467Z] ETL process completed. Total Processed: 14, Total Skipped: 0
[2025-04-29T02:36:00.765Z] Starting ETL process...
[2025-04-29T02:36:00.768Z] Total records to process: 14
[2025-04-29T02:36:00.768Z] Processing batch: 0 to 499
[2025-04-29T02:36:00.814Z] DEBUG: Batch stats: 14 processed, 0 skipped
[2025-04-29T02:36:00.814Z] Batch completed. Processed: 14, Skipped: 0
[2025-04-29T02:36:01.815Z] ETL process completed. Total Processed: 14, Total Skipped: 0
[2025-04-29T02:37:00.126Z] Starting ETL process...
[2025-04-29T02:37:00.129Z] Total records to process: 14
[2025-04-29T02:37:00.130Z] Processing batch: 0 to 499
[2025-04-29T02:37:00.200Z] DEBUG: Batch stats: 14 processed, 0 skipped
[2025-04-29T02:37:00.200Z] Batch completed. Processed: 14, Skipped: 0
[2025-04-29T02:37:01.216Z] ETL process completed. Total Processed: 14, Total Skipped: 0
[2025-04-29T02:38:00.508Z] Starting ETL process...
[2025-04-29T02:38:00.513Z] Total records to process: 14
[2025-04-29T02:38:00.514Z] Processing batch: 0 to 499
[2025-04-29T02:38:00.592Z] DEBUG: Batch stats: 14 processed, 0 skipped
[2025-04-29T02:38:00.592Z] Batch completed. Processed: 14, Skipped: 0
[2025-04-29T02:38:01.598Z] ETL process completed. Total Processed: 14, Total Skipped: 0
[2025-04-29T02:39:00.939Z] Starting ETL process...
[2025-04-29T02:39:00.941Z] Total records to process: 14
[2025-04-29T02:39:00.942Z] Processing batch: 0 to 499
[2025-04-29T02:39:00.995Z] DEBUG: Batch stats: 14 processed, 0 skipped
[2025-04-29T02:39:00.995Z] Batch completed. Processed: 14, Skipped: 0
[2025-04-29T02:39:02.012Z] ETL process completed. Total Processed: 14, Total Skipped: 0
[2025-04-29T02:41:00.388Z] Processing batch: 0 to 499
[2025-04-29T02:41:00.529Z] DEBUG: Batch stats: 14 processed, 0 skipped
[2025-04-29T02:41:01.542Z] ETL process completed. Total Processed: 14, Total Skipped: 0
[2025-04-29T02:44:00.096Z] Processing batch: 0 to 499
[2025-04-29T02:44:00.250Z] DEBUG: Batch stats: 15 processed, 0 skipped
[2025-04-29T02:44:01.254Z] ETL process completed. Total Processed: 15, Total Skipped: 0
[2025-04-29T02:45:00.494Z] Processing batch: 0 to 499
[2025-04-29T02:45:00.569Z] DEBUG: Batch stats: 15 processed, 0 skipped
[2025-04-29T02:45:01.574Z] ETL process completed. Total Processed: 15, Total Skipped: 0
